
                         MODELLER 10.7, 2025/05/28, r13093

     PROTEIN STRUCTURE MODELLING BY SATISFACTION OF SPATIAL RESTRAINTS


                     Copyright(c) 1989-2025 Andrej Sali
                            All Rights Reserved

                             Written by A. Sali
                               with help from
              B. Webb, M.S. Madhusudhan, M-Y. Shen, G.Q. Dong,
          M.A. Marti-Renom, N. Eswar, F. Alber, M. Topf, B. Oliva,
             A. Fiser, R. Sanchez, B. Yerkovich, A. Badretdinov,
                     F. Melo, J.P. Overington, E. Feyfant
                 University of California, San Francisco, USA
                    Rockefeller University, New York, USA
                      Harvard University, Cambridge, USA
                   Imperial Cancer Research Fund, London, UK
              Birkbeck College, University of London, London, UK


Kind, OS, HostName, Kernel, Processor: 4, Windows 8 build 9200, LAPTOP-835MEQ8A, SMP, x64
Date and time of compilation         : 2025/05/28 19:09:13
MODELLER executable type             : x86_64-w64
Job starting time (YY/MM/DD HH:MM:SS): 2025/11/09 20:06:49

openf___224_> Open           $(LIB)/restyp.lib
openf___224_> Open           ${MODINSTALL10v7}/modlib/restyp_cif.lib
openf___224_> Open           ${MODINSTALL10v7}/modlib/resgrp.lib
rdresgr_266_> Number of residue groups:        2
openf___224_> Open           ${MODINSTALL10v7}/modlib/sstruc.lib

Dynamically allocated memory at   amaxlibraries [B,KiB,MiB]:       194446     189.889     0.185

Dynamically allocated memory at   amaxlibraries [B,KiB,MiB]:       194974     190.404     0.186
openf___224_> Open           ${MODINSTALL10v7}/modlib/resdih.lib

Dynamically allocated memory at   amaxlibraries [B,KiB,MiB]:       243574     237.865     0.232
rdrdih__263_> Number of dihedral angle types         :        9
              Maximal number of dihedral angle optima:        3
              Dihedral angle names                   :  Alph Phi Psi Omeg chi1 chi2 chi3 chi4 chi5
openf___224_> Open           ${MODINSTALL10v7}/modlib/radii.lib

Dynamically allocated memory at   amaxlibraries [B,KiB,MiB]:       256874     250.854     0.245
openf___224_> Open           ${MODINSTALL10v7}/modlib/af_mnchdef.lib
rdwilmo_274_> Mainchain residue conformation classes:  APBLE
openf___224_> Open           ${MODINSTALL10v7}/modlib/mnch.lib
rdclass_257_> Number of classes:        5
openf___224_> Open           ${MODINSTALL10v7}/modlib/mnch1.lib
openf___224_> Open           ${MODINSTALL10v7}/modlib/mnch2.lib
openf___224_> Open           ${MODINSTALL10v7}/modlib/mnch3.lib
openf___224_> Open           ${MODINSTALL10v7}/modlib/xs4.mat
rdrrwgh_268_> Number of residue types:       21
openf___224_> Open           pdb_95.pir

Dynamically allocated memory at amaxsequence_db [B,KiB,MiB]:       301688     294.617     0.288

Dynamically allocated memory at amaxsequence_db [B,KiB,MiB]:       888822     867.990     0.848

Dynamically allocated memory at   amaxalignment [B,KiB,MiB]:       891072     870.188     0.850

Dynamically allocated memory at   amaxalignment [B,KiB,MiB]:       892522     871.604     0.851

Dynamically allocated memory at   amaxalignment [B,KiB,MiB]:       895422     874.436     0.854

Dynamically allocated memory at amaxsequence_db [B,KiB,MiB]:      3111221    3038.302     2.967

Dynamically allocated memory at   amaxalignment [B,KiB,MiB]:      3117021    3043.966     2.973

Dynamically allocated memory at   amaxalignment [B,KiB,MiB]:      3128621    3055.294     2.984

Dynamically allocated memory at   amaxalignment [B,KiB,MiB]:      3151821    3077.950     3.006

Dynamically allocated memory at amaxsequence_db [B,KiB,MiB]:      4259721    4159.884     4.062

SEQ_DATABASE_FILE         : pdb_95.pir
SEQ_DATABASE_FORMAT       : PIR
CHAINS_LIST               : ALL
CLEAN_SEQUENCES           :            T
MINMAX_DB_SEQ_LEN         :           30        4000
Number of sequences       :        11079
Number of residues        :      2436254
Length of longest sequence:         1491


SEQ_DATABASE_FILE         : pdb_95.bin
SEQ_DATABASE_FORMAT       : BINARY
SEARCH_CHAINS_LIST        : ALL
Number of sequences       :        11079
Number of residues        :      2436254
Length of longest sequence:         1491


SEQ_DATABASE_FILE         : pdb_95.bin
SEQ_DATABASE_FORMAT       : BINARY
CHAINS_LIST               : ALL
CLEAN_SEQUENCES           :            T
MINMAX_DB_SEQ_LEN         :            0      999999
Number of sequences       :        11079
Number of residues        :      2436254
Length of longest sequence:         1491

openf___224_> Open           lox1.ali

Dynamically allocated memory at   amaxalignment [B,KiB,MiB]:       304016     296.891     0.290

Dynamically allocated memory at   amaxalignment [B,KiB,MiB]:       305466     298.307     0.291

Dynamically allocated memory at   amaxalignment [B,KiB,MiB]:       308366     301.139     0.294

Dynamically allocated memory at   amaxalignment [B,KiB,MiB]:       314166     306.803     0.300

Dynamically allocated memory at    amaxsequence [B,KiB,MiB]:       315254     307.865     0.301

Read the alignment from file       : lox1.ali

Total number of alignment positions:   273

  #  Code        #_Res #_Segm PDB_code    Name
-------------------------------------------------------------------------------
  1       lox1     273      1        lox1

Dynamically allocated memory at     amaxprofile [B,KiB,MiB]:       316679     309.257     0.302
openf___224_> Open           ${LIB}/blosum62.sim.mat
rdrrwgh_268_> Number of residue types:       21

Dynamically allocated memory at amaxsequence_db [B,KiB,MiB]:       593149     579.247     0.566
profile_iteration_> processing sequence:       1    273      1     0.0000000     0.0000000     0.0000000     1

Dynamically allocated memory at amaxsequence_db [B,KiB,MiB]:       602446     588.326     0.575
profile_iteration_> processing sequence:    1109    273      1     1.2187500     0.0010990     0.0000051   910

Dynamically allocated memory at amaxsequence_db [B,KiB,MiB]:       610234     595.932     0.582
profile_iteration_> processing sequence:    2217    273      1     2.4218750     0.0010924     0.0000049   915
profile_iteration_> processing sequence:    3325    273      1     3.5937500     0.0010808     0.0000048   925
profile_iteration_> processing sequence:    4433    273      1     4.7656250     0.0010750     0.0000048   930
profile_iteration_> processing sequence:    5541    273      1     5.8906250     0.0010631     0.0000048   941
profile_iteration_> processing sequence:    6649    273      1     7.0468750     0.0010598     0.0000048   944
profile_iteration_> processing sequence:    7757    273      1     8.1562500     0.0010515     0.0000047   951
profile_iteration_> processing sequence:    8865    273      1     9.2812500     0.0010470     0.0000047   955
profile_iteration_> processing sequence:    9973    273      1    10.3593750     0.0010387     0.0000047   963
 AVERAGE RESIDUAL STANDARD ERROR:    33.11833
 AVERAGE RESIDUAL STANDARD DEVIATION:    266.1347
profile_660_> Quality of the fit between observed/expected score distributions.
              [Iteration, Chi2, nbins, KS-Stat, nscores ] =        1,        0.0701,      121,        0.0145,    11079

HISTOGRAM OF Z-SCORES:

Z:         1  -3.95000   0.00000   0.00000
Z:         1  -3.85000   0.00000   0.00000
Z:         1  -3.75000   0.00000   0.00000
Z:         1  -3.65000   0.00000   0.00000
Z:         1  -3.55000   0.00000   0.00000
Z:         1  -3.45000   0.00000   0.00000
Z:         1  -3.35000   0.00000   0.00000
Z:         1  -3.25000   0.00000   0.00000
Z:         1  -3.15000   0.00000   0.00000
Z:         1  -3.05000   0.00000   0.00000
Z:         1  -2.95000   0.00000   0.00000
Z:         1  -2.85000   0.00000   0.00000
Z:         1  -2.75000   0.00000   0.00000
Z:         1  -2.65000   0.00000   0.00000
Z:         1  -2.55000   0.00000   0.00001
Z:         1  -2.45000   0.00000   0.00004
Z:         1  -2.35000   0.00000   0.00016
Z:         1  -2.25000   0.00000   0.00055
Z:         1  -2.15000   0.00090   0.00163
Z:         1  -2.05000   0.00000   0.00416
Z:         1  -1.95000   0.00451   0.00933
Z:         1  -1.85000   0.00903   0.01872
Z:         1  -1.75000   0.01715   0.03400
Z:         1  -1.65000   0.05325   0.05658
Z:         1  -1.55000   0.06047   0.08721
Z:         1  -1.45000   0.11553   0.12565
Z:         1  -1.35000   0.14983   0.17059
Z:         1  -1.25000   0.21572   0.21981
Z:         1  -1.15000   0.25544   0.27052
Z:         1  -1.05000   0.31591   0.31973
Z:         1  -0.95000   0.37819   0.36469
Z:         1  -0.85000   0.43235   0.40316
Z:         1  -0.75000   0.43145   0.43360
Z:         1  -0.65000   0.51900   0.45519
Z:         1  -0.55000   0.48109   0.46779
Z:         1  -0.45000   0.48199   0.47182
Z:         1  -0.35000   0.46033   0.46811
Z:         1  -0.25000   0.48560   0.45775
Z:         1  -0.15000   0.48380   0.44196
Z:         1  -0.05000   0.40708   0.42194
Z:         1   0.05000   0.39263   0.39889
Z:         1   0.15000   0.38541   0.37383
Z:         1   0.25000   0.32223   0.34769
Z:         1   0.35000   0.30598   0.32121
Z:         1   0.45000   0.24551   0.29500
Z:         1   0.55000   0.26627   0.26953
Z:         1   0.65000   0.24551   0.24513
Z:         1   0.75000   0.20941   0.22205
Z:         1   0.85000   0.15886   0.20043
Z:         1   0.95000   0.17240   0.18036
Z:         1   1.05000   0.17511   0.16185
Z:         1   1.15000   0.14081   0.14489
Z:         1   1.25000   0.13359   0.12944
Z:         1   1.35000   0.11192   0.11542
Z:         1   1.45000   0.09568   0.10275
Z:         1   1.55000   0.08394   0.09133
Z:         1   1.65000   0.07582   0.08109
Z:         1   1.75000   0.08033   0.07191
Z:         1   1.85000   0.05416   0.06371
Z:         1   1.95000   0.05596   0.05639
Z:         1   2.05000   0.04964   0.04988
Z:         1   2.15000   0.05416   0.04409
Z:         1   2.25000   0.05325   0.03895
Z:         1   2.35000   0.04513   0.03439
Z:         1   2.45000   0.03069   0.03035
Z:         1   2.55000   0.02618   0.02678
Z:         1   2.65000   0.03069   0.02361
Z:         1   2.75000   0.02798   0.02082
Z:         1   2.85000   0.01625   0.01835
Z:         1   2.95000   0.02076   0.01617
Z:         1   3.05000   0.02166   0.01424
Z:         1   3.15000   0.01264   0.01255
Z:         1   3.25000   0.00993   0.01105
Z:         1   3.35000   0.01354   0.00973
Z:         1   3.45000   0.00903   0.00857
Z:         1   3.55000   0.01354   0.00754
Z:         1   3.65000   0.00812   0.00664
Z:         1   3.75000   0.00451   0.00584
Z:         1   3.85000   0.00542   0.00514
Z:         1   3.95000   0.00451   0.00453
Z:         1   4.05000   0.00271   0.00398
Z:         1   4.15000   0.00361   0.00350
Z:         1   4.25000   0.00361   0.00308
Z:         1   4.35000   0.00361   0.00271
Z:         1   4.45000   0.00361   0.00239
Z:         1   4.55000   0.00181   0.00210
Z:         1   4.65000   0.00090   0.00185
Z:         1   4.75000   0.00090   0.00163
Z:         1   4.85000   0.00090   0.00143
Z:         1   4.95000   0.00181   0.00126
Z:         1   5.05000   0.00090   0.00111
Z:         1   5.15000   0.00090   0.00097
Z:         1   5.25000   0.00181   0.00086
Z:         1   5.35000   0.00000   0.00075
Z:         1   5.45000   0.00090   0.00066
Z:         1   5.55000   0.00090   0.00058
Z:         1   5.65000   0.00000   0.00051
Z:         1   5.75000   0.00000   0.00045
Z:         1   5.85000   0.00090   0.00040
Z:         1   5.95000   0.00090   0.00035
Z:         1   6.05000   0.00000   0.00031
Z:         1   6.15000   0.00090   0.00027
Z:         1   6.25000   0.00000   0.00024
Z:         1   6.35000   0.00000   0.00021
Z:         1   6.45000   0.00000   0.00018
Z:         1   6.55000   0.00000   0.00016
Z:         1   6.65000   0.00090   0.00014
Z:         1   6.75000   0.00181   0.00013
Z:         1   6.85000   0.00181   0.00011
Z:         1   6.95000   0.00000   0.00010
Z:         1   7.05000   0.00000   0.00009
Z:         1   7.15000   0.00000   0.00007
Z:         1   7.25000   0.00090   0.00007
Z:         1   7.35000   0.00000   0.00006
Z:         1   7.45000   0.00000   0.00005
Z:         1   7.55000   0.00090   0.00004
Z:         1   7.65000   0.00090   0.00004
Z:         1   7.75000   0.00000   0.00003
Z:         1   7.85000   0.00000   0.00003
Z:         1   7.95000   0.00000   0.00003
Z:         1   8.05000   0.00090   0.00002

HITS FOUND IN ITERATION:     1


Dynamically allocated memory at     amaxprofile [B,KiB,MiB]:       845634     825.814     0.806
> 2afpA                      1     402    5650     129     273   28.57    0.12E-04       2    77   144   223     7    83
> 1b6e                       1     909    8750     121     273   34.45    0.37E-11       3   118   140   267     1   119
> 1j34B                      1    1216    5300     123     273   26.23    0.60E-04       4   115   144   268     2   123
> 1c3aB                      1    1573    4800     125     273   27.38    0.68E-03       5    80   144   223     4    87
> 1dv8A                      1    2427    6400     128     273   36.49    0.31E-06       6    74   144   221     1    74
> 1e87A                      1    2610    7450     117     273   29.46    0.18E-08       7   112   144   266     3   114
> 1eggA                      1    2729    4350     132     273   30.59    0.62E-02       8    76   144   223     1    85
> 1fvuB                      1    3527    4600     121     273   28.40    0.17E-02       9    77   144   220     2    82
> 1g1sA                      1    3600    5000     158     273   21.52    0.32E-03      10    67   156   222     3    81
> 1hq8A                      1    4307   10400     123     273   40.68     0.0          11   117   143   268     5   122
> 1mpuA                      1    4414   10450     128     273   41.03     0.0          12   116   143   267    11   127
> 1iodB                      1    4723    5200     123     273   28.57    0.98E-04      13    79   144   223     2    85
> 1ja3A                      1    4954    6200     115     273   26.17    0.74E-06      14   107   148   267     4   110
> 1jwiA                      1    5265    4700     122     273   28.24    0.11E-02      15    80   144   224     1    85
> 1sl4A                      1    5417    9900     132     273   36.22     0.0          16   125   143   268     3   129
> 1xphA                      1    5418    9100     139     273   34.13    0.12E-11      17   124   144   268     9   134
> 1p4lD                      1    6948    6250     122     273   23.68    0.61E-06      18   114   148   267     6   119
> 1qo3C                      1    7398    6500     128     273   29.82    0.19E-06      19   110   148   267    13   126
> 1ukmA                      1    8516    5400     131     273   31.46    0.39E-04      20    77   144   224     2    90
> 1ukmB                      1    8517    4550     124     273   25.61    0.23E-02      21    76   144   221     1    82
> 1umrA                      1    8552    5150     135     273   25.58    0.13E-03      22    78   144   221     4    89
> 1umrC                      1    8553    4750     125     273   25.61    0.87E-03      23    78   144   221     4    85
> 1ypqA                      1    9616   36450     131     273  100.00     0.0          24   131   140   270     1   131
> 1oz7A                      1   10020    4350     131     273   27.06    0.62E-02      25    78   144   221     2    86
> 1oz7B                      1   10021    4250     123     273   28.57    0.95E-02      26    76   144   223     2    85
> 1v4lB                      1   10340    4800     125     273   29.76    0.68E-03      27    80   144   223     4    87
> 1wmzA                      1   10678    5450     140     273   26.14    0.33E-04      28    78   144   221     3    90

profile_iteration__> Weight Matrix           [sec]:     0.000000
profile_iteration__> Score Collection        [sec]:    11.500000
profile_iteration__> Score Collection/Seq    [sec]:     0.001038
profile_iteration__> DP Steps per sec    [ali/sec]:   966.016357
profile_iteration__> Statistics              [sec]:     0.015625
profile_iteration__> Add to profile          [sec]:     0.046875
profile_iteration__> Overall performance    [/seq]:     0.001045
profile_iteration__> Overall performance [seq/sec]:   956.890686
openf___224_> Open           build_profile.prf

Dynamically allocated memory at   amaxalignment [B,KiB,MiB]:       642847     627.780     0.613

Dynamically allocated memory at    amaxsequence [B,KiB,MiB]:       643935     628.843     0.614

Dynamically allocated memory at    amaxsequence [B,KiB,MiB]:       644239     629.140     0.614

Dynamically allocated memory at    amaxsequence [B,KiB,MiB]:       644707     629.597     0.615

Dynamically allocated memory at    amaxsequence [B,KiB,MiB]:       645163     630.042     0.615

Dynamically allocated memory at    amaxsequence [B,KiB,MiB]:       645479     630.351     0.616

Dynamically allocated memory at    amaxsequence [B,KiB,MiB]:       645771     630.636     0.616

Dynamically allocated memory at    amaxsequence [B,KiB,MiB]:       646215     631.069     0.616

Dynamically allocated memory at    amaxsequence [B,KiB,MiB]:       646515     631.362     0.617

Dynamically allocated memory at    amaxsequence [B,KiB,MiB]:       646819     631.659     0.617

Dynamically allocated memory at    amaxsequence [B,KiB,MiB]:       647083     631.917     0.617

Dynamically allocated memory at    amaxsequence [B,KiB,MiB]:       647547     632.370     0.618

Dynamically allocated memory at    amaxsequence [B,KiB,MiB]:       648007     632.819     0.618

Dynamically allocated memory at    amaxsequence [B,KiB,MiB]:       648319     633.124     0.618

Dynamically allocated memory at    amaxsequence [B,KiB,MiB]:       648743     633.538     0.619

Dynamically allocated memory at    amaxsequence [B,KiB,MiB]:       649059     633.847     0.619

Dynamically allocated memory at    amaxsequence [B,KiB,MiB]:       649555     634.331     0.619

Dynamically allocated memory at    amaxsequence [B,KiB,MiB]:       650047     634.812     0.620

Dynamically allocated memory at    amaxsequence [B,KiB,MiB]:       650499     635.253     0.620

Dynamically allocated memory at    amaxsequence [B,KiB,MiB]:       650935     635.679     0.621

Dynamically allocated memory at    amaxsequence [B,KiB,MiB]:       651239     635.976     0.621

Dynamically allocated memory at    amaxsequence [B,KiB,MiB]:       651539     636.269     0.621

Dynamically allocated memory at    amaxsequence [B,KiB,MiB]:       651847     636.569     0.622

Dynamically allocated memory at    amaxsequence [B,KiB,MiB]:       652155     636.870     0.622

Dynamically allocated memory at    amaxsequence [B,KiB,MiB]:       652675     637.378     0.622

Dynamically allocated memory at    amaxsequence [B,KiB,MiB]:       652983     637.679     0.623

Dynamically allocated memory at    amaxsequence [B,KiB,MiB]:       653283     637.972     0.623

Dynamically allocated memory at    amaxsequence [B,KiB,MiB]:       653599     638.280     0.623

Dynamically allocated memory at    amaxsequence [B,KiB,MiB]:       653907     638.581     0.624
openf___224_> Open           build_profile.ali

Dynamically allocated memory at          finish [B,KiB,MiB]:       640259     625.253     0.611
Starting time                                            : 2025/11/09 20:06:49
Closing time                                             : 2025/11/09 20:07:04
Total CPU time [seconds]                                 :      13.67
