
                         MODELLER 10.7, 2025/05/28, r13093

     PROTEIN STRUCTURE MODELLING BY SATISFACTION OF SPATIAL RESTRAINTS


                     Copyright(c) 1989-2025 Andrej Sali
                            All Rights Reserved

                             Written by A. Sali
                               with help from
              B. Webb, M.S. Madhusudhan, M-Y. Shen, G.Q. Dong,
          M.A. Marti-Renom, N. Eswar, F. Alber, M. Topf, B. Oliva,
             A. Fiser, R. Sanchez, B. Yerkovich, A. Badretdinov,
                     F. Melo, J.P. Overington, E. Feyfant
                 University of California, San Francisco, USA
                    Rockefeller University, New York, USA
                      Harvard University, Cambridge, USA
                   Imperial Cancer Research Fund, London, UK
              Birkbeck College, University of London, London, UK


Kind, OS, HostName, Kernel, Processor: 4, Windows 8 build 9200, LAPTOP-835MEQ8A, SMP, x64
Date and time of compilation         : 2025/05/28 19:09:13
MODELLER executable type             : x86_64-w64
Job starting time (YY/MM/DD HH:MM:SS): 2025/11/09 20:16:47


Multiple dynamic programming alignment (MALIGN):
  Residue-residue metric  : $(LIB)/as1.sim.mat
  ALIGN_BLOCK             :            1
  Gap introduction penalty:    -900.0000
  Gap extension penalty   :     -50.0000
  Length of alignment     :          132
# Sequence alignment of the structurally conserved regions
# [average distance and standard deviation are with respect
#  to the framework (i.e., average structure)]
#
#  N av ds st dv   7W5DA  6TLAA  
# ===============================
   1 0.757 0.000 * C 140  C 140  
   2 0.474 0.000 * S 141  S 141  
   3 0.470 0.000 * A 142  A 142  
   4 0.265 0.000 * P 143  P 143  
   5 0.303 0.000 * C 144  C 144  
   6 0.638 0.000 * P 145  P 145  
   7 0.882 0.000 * Q 146  Q 146  
   8 0.843 0.000 * D 147  D 147  
   9 0.518 0.000 * W 148  W 148  
  10 0.467 0.000 * I 149  I 149  
  11 0.341 0.000 * W 150  W 150  
  12 0.418 0.000 * H 151  H 151  
  13 0.514 0.000 * G 152  G 152  
  14 0.330 0.000 * E 153  E 153  
  15 0.189 0.000 * N 154  N 154  
  16 0.118 0.000 * C 155  C 155  
  17 0.162 0.000 * Y 156  Y 156  
  18 0.290 0.000 * L 157  L 157  
  19 0.160 0.000 * F 158  F 158  
  20 0.418 0.000 * S 159  S 159  
  21 0.826 0.000 * S 160  S 160  
  22 0.890 0.000 * G 161  G 161  
  23 0.530 0.000 * S 162  S 162  
  24 0.376 0.000 * F 163  F 163  
  25 0.283 0.000 * N 164  N 164  
  26 0.199 0.000 * W 165  W 165  
  27 0.214 0.000 * E 166  E 166  
  28 0.276 0.000 * K 167  K 167  
  29 0.225 0.000 * S 168  S 168  
  30 0.091 0.000 * Q 169  Q 169  
  31 0.087 0.000 * E 170  E 170  
  32 0.185 0.000 * K 171  K 171  
  33 0.217 0.000 * C 172  C 172  
  34 0.183 0.000 * L 173  L 173  
  35 0.235 0.000 * S 174  S 174  
  36 0.420 0.000 * L 175  L 175  
  37 0.476 0.000 * D 176  D 176  
  38 0.242 0.000 * A 177  A 177  
  39 0.160 0.000 * K 178  K 178  
  40 0.039 0.000 * L 179  L 179  
  41 0.085 0.000 * L 180  L 180  
  42 0.132 0.000 * K 181  K 181  
  43 0.065 0.000 * I 182  I 182  
  44 0.114 0.000 * N 183  N 183  
  45 0.126 0.000 * S 184  S 184  
  46 0.203 0.000 * T 185  T 185  
  47 0.239 0.000 * A 186  A 186  
  48 0.193 0.000 * D 187  D 187  
  49 0.236 0.000 * L 188  L 188  
  50 0.217 0.000 * D 189  D 189  
  51 0.263 0.000 * F 190  F 190  
  52 0.207 0.000 * I 191  I 191  
  53 0.259 0.000 * Q 192  Q 192  
  54 0.242 0.000 * Q 193  Q 193  
  55 0.267 0.000 * A 194  A 194  
  56 0.220 0.000 * I 195  I 195  
  57 1.259 0.000 * S 196  S 196  
  58 1.500 0.000 * Y 197  Y 197  
  59 0.684 0.000 * S 198  S 198  
  60 0.691 0.000 * S 199  S 199  
  61 0.560 0.000 * F 200  F 200  
  62 0.293 0.000 * P 201  P 201  
  63 0.254 0.000 * F 202  F 202  
  64 0.135 0.000 * W 203  W 203  
  65 0.113 0.000 * M 204  M 204  
  66 0.083 0.000 * G 205  G 205  
  67 0.067 0.000 * L 206  L 206  
  68 0.103 0.000 * S 207  S 207  
  69 0.143 0.000 * R 208  R 208  
  70 0.228 0.000 * R 209  R 209  
  71 0.259 0.000 * N 210  N 210  
  72 0.212 0.000 * P 211  P 211  
  73 0.283 0.000 * S 212  S 212  
  74 0.252 0.000 * Y 213  Y 213  
  75 0.163 0.000 * P 214  P 214  
  76 0.055 0.000 * W 215  W 215  
  77 0.051 0.000 * L 216  L 216  
  78 0.079 0.000 * W 217  W 217  
  79 0.146 0.000 * E 218  E 218  
  80 0.222 0.000 * D 219  D 219  
  81 0.118 0.000 * G 220  G 220  
  82 0.199 0.000 * S 221  S 221  
  83 0.255 0.000 * P 222  P 222  
  84 0.222 0.000 * L 223  L 223  
  85 0.248 0.000 * M 224  M 224  
  86 0.342 0.000 * P 225  P 225  
  87 0.248 0.000 * H 226  H 226  
  88 0.146 0.000 * L 227  L 227  
  89 0.233 0.000 * F 228  F 228  
  90 0.292 0.000 * R 229  R 229  
  91 0.191 0.000 * V 230  V 230  
  92 0.237 0.000 * R 231  R 231  
  93 0.436 0.000 * G 232  G 232  
  94 0.342 0.000 * A 233  A 233  
  95 0.307 0.000 * V 234  V 234  
  96 0.447 0.000 * S 235  S 235  
  97 0.400 0.000 * Q 236  Q 236  
  98 0.386 0.000 * T 237  T 237  
  99 0.327 0.000 * Y 238  Y 238  
 100 0.502 0.000 * P 239  P 239  
 101 0.428 0.000 * S 240  S 240  
 102 0.250 0.000 * G 241  G 241  
 103 0.100 0.000 * T 242  T 242  
 104 0.051 0.000 * C 243  C 243  
 105 0.105 0.000 * A 244  A 244  
 106 0.189 0.000 * Y 245  Y 245  
 107 0.269 0.000 * I 246  I 246  
 108 0.426 0.000 * Q 247  Q 247  
 109 0.338 0.000 * R 248  R 248  
 110 0.192 0.000 * G 249  G 249  
 111 0.320 0.000 * A 250  A 250  
 112 0.241 0.000 * V 251  V 251  
 113 0.203 0.000 * Y 252  Y 252  
 114 0.194 0.000 * A 253  A 253  
 115 0.219 0.000 * E 254  E 254  
 116 0.111 0.000 * N 255  N 255  
 117 0.107 0.000 * C 256  C 256  
 118 0.224 0.000 * I 257  I 257  
 119 0.195 0.000 * L 258  L 258  
 120 0.207 0.000 * A 259  A 259  
 121 0.214 0.000 * A 260  A 260  
 122 0.333 0.000 * F 261  F 261  
 123 0.164 0.000 * S 262  S 262  
 124 0.078 0.000 * I 263  I 263  
 125 0.062 0.000 * C 264  C 264  
 126 0.093 0.000 * Q 265  Q 265  
 127 0.228 0.000 * K 266  K 266  
 128 0.277 0.000 * K 267  K 267  
 129 0.135 0.000 * A 268  A 268  
 130 0.238 0.000 * N 269  N 269  
 131 0.288 0.000 * L 270  L 270  
# ===============================
# Sequence alignment of the structurally conserved regions
# [average distance and standard deviation are with respect
#  to the framework (i.e., average structure)]
#
#  N av ds st dv   7W5DA  6TLAA  
# ===============================
   1 0.757 0.000 * C 140  C 140  
   2 0.474 0.000 * S 141  S 141  
   3 0.470 0.000 * A 142  A 142  
   4 0.265 0.000 * P 143  P 143  
   5 0.303 0.000 * C 144  C 144  
   6 0.638 0.000 * P 145  P 145  
   7 0.882 0.000 * Q 146  Q 146  
   8 0.843 0.000 * D 147  D 147  
   9 0.518 0.000 * W 148  W 148  
  10 0.467 0.000 * I 149  I 149  
  11 0.341 0.000 * W 150  W 150  
  12 0.418 0.000 * H 151  H 151  
  13 0.514 0.000 * G 152  G 152  
  14 0.330 0.000 * E 153  E 153  
  15 0.189 0.000 * N 154  N 154  
  16 0.118 0.000 * C 155  C 155  
  17 0.162 0.000 * Y 156  Y 156  
  18 0.290 0.000 * L 157  L 157  
  19 0.160 0.000 * F 158  F 158  
  20 0.418 0.000 * S 159  S 159  
  21 0.826 0.000 * S 160  S 160  
  22 0.890 0.000 * G 161  G 161  
  23 0.530 0.000 * S 162  S 162  
  24 0.376 0.000 * F 163  F 163  
  25 0.283 0.000 * N 164  N 164  
  26 0.199 0.000 * W 165  W 165  
  27 0.214 0.000 * E 166  E 166  
  28 0.276 0.000 * K 167  K 167  
  29 0.225 0.000 * S 168  S 168  
  30 0.091 0.000 * Q 169  Q 169  
  31 0.087 0.000 * E 170  E 170  
  32 0.185 0.000 * K 171  K 171  
  33 0.217 0.000 * C 172  C 172  
  34 0.183 0.000 * L 173  L 173  
  35 0.235 0.000 * S 174  S 174  
  36 0.420 0.000 * L 175  L 175  
  37 0.476 0.000 * D 176  D 176  
  38 0.242 0.000 * A 177  A 177  
  39 0.160 0.000 * K 178  K 178  
  40 0.039 0.000 * L 179  L 179  
  41 0.085 0.000 * L 180  L 180  
  42 0.132 0.000 * K 181  K 181  
  43 0.065 0.000 * I 182  I 182  
  44 0.114 0.000 * N 183  N 183  
  45 0.126 0.000 * S 184  S 184  
  46 0.203 0.000 * T 185  T 185  
  47 0.239 0.000 * A 186  A 186  
  48 0.193 0.000 * D 187  D 187  
  49 0.236 0.000 * L 188  L 188  
  50 0.217 0.000 * D 189  D 189  
  51 0.263 0.000 * F 190  F 190  
  52 0.207 0.000 * I 191  I 191  
  53 0.259 0.000 * Q 192  Q 192  
  54 0.242 0.000 * Q 193  Q 193  
  55 0.267 0.000 * A 194  A 194  
  56 0.220 0.000 * I 195  I 195  
  57 1.259 0.000 * S 196  S 196  
  58 1.500 0.000 * Y 197  Y 197  
  59 0.684 0.000 * S 198  S 198  
  60 0.691 0.000 * S 199  S 199  
  61 0.560 0.000 * F 200  F 200  
  62 0.293 0.000 * P 201  P 201  
  63 0.254 0.000 * F 202  F 202  
  64 0.135 0.000 * W 203  W 203  
  65 0.113 0.000 * M 204  M 204  
  66 0.083 0.000 * G 205  G 205  
  67 0.067 0.000 * L 206  L 206  
  68 0.103 0.000 * S 207  S 207  
  69 0.143 0.000 * R 208  R 208  
  70 0.228 0.000 * R 209  R 209  
  71 0.259 0.000 * N 210  N 210  
  72 0.212 0.000 * P 211  P 211  
  73 0.283 0.000 * S 212  S 212  
  74 0.252 0.000 * Y 213  Y 213  
  75 0.163 0.000 * P 214  P 214  
  76 0.055 0.000 * W 215  W 215  
  77 0.051 0.000 * L 216  L 216  
  78 0.079 0.000 * W 217  W 217  
  79 0.146 0.000 * E 218  E 218  
  80 0.222 0.000 * D 219  D 219  
  81 0.118 0.000 * G 220  G 220  
  82 0.199 0.000 * S 221  S 221  
  83 0.255 0.000 * P 222  P 222  
  84 0.222 0.000 * L 223  L 223  
  85 0.248 0.000 * M 224  M 224  
  86 0.342 0.000 * P 225  P 225  
  87 0.248 0.000 * H 226  H 226  
  88 0.146 0.000 * L 227  L 227  
  89 0.233 0.000 * F 228  F 228  
  90 0.292 0.000 * R 229  R 229  
  91 0.191 0.000 * V 230  V 230  
  92 0.237 0.000 * R 231  R 231  
  93 0.436 0.000 * G 232  G 232  
  94 0.342 0.000 * A 233  A 233  
  95 0.307 0.000 * V 234  V 234  
  96 0.447 0.000 * S 235  S 235  
  97 0.400 0.000 * Q 236  Q 236  
  98 0.386 0.000 * T 237  T 237  
  99 0.327 0.000 * Y 238  Y 238  
 100 0.502 0.000 * P 239  P 239  
 101 0.428 0.000 * S 240  S 240  
 102 0.250 0.000 * G 241  G 241  
 103 0.100 0.000 * T 242  T 242  
 104 0.051 0.000 * C 243  C 243  
 105 0.105 0.000 * A 244  A 244  
 106 0.189 0.000 * Y 245  Y 245  
 107 0.269 0.000 * I 246  I 246  
 108 0.426 0.000 * Q 247  Q 247  
 109 0.338 0.000 * R 248  R 248  
 110 0.192 0.000 * G 249  G 249  
 111 0.320 0.000 * A 250  A 250  
 112 0.241 0.000 * V 251  V 251  
 113 0.203 0.000 * Y 252  Y 252  
 114 0.194 0.000 * A 253  A 253  
 115 0.219 0.000 * E 254  E 254  
 116 0.111 0.000 * N 255  N 255  
 117 0.107 0.000 * C 256  C 256  
 118 0.224 0.000 * I 257  I 257  
 119 0.195 0.000 * L 258  L 258  
 120 0.207 0.000 * A 259  A 259  
 121 0.214 0.000 * A 260  A 260  
 122 0.333 0.000 * F 261  F 261  
 123 0.164 0.000 * S 262  S 262  
 124 0.078 0.000 * I 263  I 263  
 125 0.062 0.000 * C 264  C 264  
 126 0.093 0.000 * Q 265  Q 265  
 127 0.228 0.000 * K 266  K 266  
 128 0.277 0.000 * K 267  K 267  
 129 0.135 0.000 * A 268  A 268  
 130 0.238 0.000 * N 269  N 269  
 131 0.288 0.000 * L 270  L 270  
# ===============================
# Sequence alignment of the structurally conserved regions
# [average distance and standard deviation are with respect
#  to the framework (i.e., average structure)]
#
#  N av ds st dv   7W5DA  6TLAA  
# ===============================
   1 0.757 0.000 * C 140  C 140  
   2 0.474 0.000 * S 141  S 141  
   3 0.470 0.000 * A 142  A 142  
   4 0.265 0.000 * P 143  P 143  
   5 0.303 0.000 * C 144  C 144  
   6 0.638 0.000 * P 145  P 145  
   7 0.882 0.000 * Q 146  Q 146  
   8 0.843 0.000 * D 147  D 147  
   9 0.518 0.000 * W 148  W 148  
  10 0.467 0.000 * I 149  I 149  
  11 0.341 0.000 * W 150  W 150  
  12 0.418 0.000 * H 151  H 151  
  13 0.514 0.000 * G 152  G 152  
  14 0.330 0.000 * E 153  E 153  
  15 0.189 0.000 * N 154  N 154  
  16 0.118 0.000 * C 155  C 155  
  17 0.162 0.000 * Y 156  Y 156  
  18 0.290 0.000 * L 157  L 157  
  19 0.160 0.000 * F 158  F 158  
  20 0.418 0.000 * S 159  S 159  
  21 0.826 0.000 * S 160  S 160  
  22 0.890 0.000 * G 161  G 161  
  23 0.530 0.000 * S 162  S 162  
  24 0.376 0.000 * F 163  F 163  
  25 0.283 0.000 * N 164  N 164  
  26 0.199 0.000 * W 165  W 165  
  27 0.214 0.000 * E 166  E 166  
  28 0.276 0.000 * K 167  K 167  
  29 0.225 0.000 * S 168  S 168  
  30 0.091 0.000 * Q 169  Q 169  
  31 0.087 0.000 * E 170  E 170  
  32 0.185 0.000 * K 171  K 171  
  33 0.217 0.000 * C 172  C 172  
  34 0.183 0.000 * L 173  L 173  
  35 0.235 0.000 * S 174  S 174  
  36 0.420 0.000 * L 175  L 175  
  37 0.476 0.000 * D 176  D 176  
  38 0.242 0.000 * A 177  A 177  
  39 0.160 0.000 * K 178  K 178  
  40 0.039 0.000 * L 179  L 179  
  41 0.085 0.000 * L 180  L 180  
  42 0.132 0.000 * K 181  K 181  
  43 0.065 0.000 * I 182  I 182  
  44 0.114 0.000 * N 183  N 183  
  45 0.126 0.000 * S 184  S 184  
  46 0.203 0.000 * T 185  T 185  
  47 0.239 0.000 * A 186  A 186  
  48 0.193 0.000 * D 187  D 187  
  49 0.236 0.000 * L 188  L 188  
  50 0.217 0.000 * D 189  D 189  
  51 0.263 0.000 * F 190  F 190  
  52 0.207 0.000 * I 191  I 191  
  53 0.259 0.000 * Q 192  Q 192  
  54 0.242 0.000 * Q 193  Q 193  
  55 0.267 0.000 * A 194  A 194  
  56 0.220 0.000 * I 195  I 195  
  57 1.259 0.000 * S 196  S 196  
  58 1.500 0.000 * Y 197  Y 197  
  59 0.684 0.000 * S 198  S 198  
  60 0.691 0.000 * S 199  S 199  
  61 0.560 0.000 * F 200  F 200  
  62 0.293 0.000 * P 201  P 201  
  63 0.254 0.000 * F 202  F 202  
  64 0.135 0.000 * W 203  W 203  
  65 0.113 0.000 * M 204  M 204  
  66 0.083 0.000 * G 205  G 205  
  67 0.067 0.000 * L 206  L 206  
  68 0.103 0.000 * S 207  S 207  
  69 0.143 0.000 * R 208  R 208  
  70 0.228 0.000 * R 209  R 209  
  71 0.259 0.000 * N 210  N 210  
  72 0.212 0.000 * P 211  P 211  
  73 0.283 0.000 * S 212  S 212  
  74 0.252 0.000 * Y 213  Y 213  
  75 0.163 0.000 * P 214  P 214  
  76 0.055 0.000 * W 215  W 215  
  77 0.051 0.000 * L 216  L 216  
  78 0.079 0.000 * W 217  W 217  
  79 0.146 0.000 * E 218  E 218  
  80 0.222 0.000 * D 219  D 219  
  81 0.118 0.000 * G 220  G 220  
  82 0.199 0.000 * S 221  S 221  
  83 0.255 0.000 * P 222  P 222  
  84 0.222 0.000 * L 223  L 223  
  85 0.248 0.000 * M 224  M 224  
  86 0.342 0.000 * P 225  P 225  
  87 0.248 0.000 * H 226  H 226  
  88 0.146 0.000 * L 227  L 227  
  89 0.233 0.000 * F 228  F 228  
  90 0.292 0.000 * R 229  R 229  
  91 0.191 0.000 * V 230  V 230  
  92 0.237 0.000 * R 231  R 231  
  93 0.436 0.000 * G 232  G 232  
  94 0.342 0.000 * A 233  A 233  
  95 0.307 0.000 * V 234  V 234  
  96 0.447 0.000 * S 235  S 235  
  97 0.400 0.000 * Q 236  Q 236  
  98 0.386 0.000 * T 237  T 237  
  99 0.327 0.000 * Y 238  Y 238  
 100 0.502 0.000 * P 239  P 239  
 101 0.428 0.000 * S 240  S 240  
 102 0.250 0.000 * G 241  G 241  
 103 0.100 0.000 * T 242  T 242  
 104 0.051 0.000 * C 243  C 243  
 105 0.105 0.000 * A 244  A 244  
 106 0.189 0.000 * Y 245  Y 245  
 107 0.269 0.000 * I 246  I 246  
 108 0.426 0.000 * Q 247  Q 247  
 109 0.338 0.000 * R 248  R 248  
 110 0.192 0.000 * G 249  G 249  
 111 0.320 0.000 * A 250  A 250  
 112 0.241 0.000 * V 251  V 251  
 113 0.203 0.000 * Y 252  Y 252  
 114 0.194 0.000 * A 253  A 253  
 115 0.219 0.000 * E 254  E 254  
 116 0.111 0.000 * N 255  N 255  
 117 0.107 0.000 * C 256  C 256  
 118 0.224 0.000 * I 257  I 257  
 119 0.195 0.000 * L 258  L 258  
 120 0.207 0.000 * A 259  A 259  
 121 0.214 0.000 * A 260  A 260  
 122 0.333 0.000 * F 261  F 261  
 123 0.164 0.000 * S 262  S 262  
 124 0.078 0.000 * I 263  I 263  
 125 0.062 0.000 * C 264  C 264  
 126 0.093 0.000 * Q 265  Q 265  
 127 0.228 0.000 * K 266  K 266  
 128 0.277 0.000 * K 267  K 267  
 129 0.135 0.000 * A 268  A 268  
 130 0.238 0.000 * N 269  N 269  
 131 0.288 0.000 * L 270  L 270  
# ===============================

Least-squares dynamic programming alignment:
     FIT_ATOMS atoms for alignment     : CA
     Max dist from frw for equivalence :    3.5000
     Gap introduction penalty          :    0.0000
     Gap extension penalty             :    1.7500
     Numb of residues in framework     :       131




COMPARISON OF SEVERAL 3D STRUCTURES:


  #  ALGNMT CODE      ATOM FILE                          

  1  7W5DA
  2  6TLAA



Variability at a given position is calculated as: 
VAR = 1/Nij * sum_ij (feat_i - feat_j)
sum runs over all pairs of proteins with residues present.



>> Least-squares superposition (FIT)           :       T

   Atom types for superposition/RMS (FIT_ATOMS): CA
   Atom type for position average/variability (VARATOM): CA


   Position comparison (FIT_ATOMS): 

       Cutoff for RMS calculation:     3.5000

       Upper = RMS, Lower = numb equiv positions

        7W5DA   6TLAA   
7W5DA      0.000   0.729
6TLAA        131   0.000



   Distance comparison (FIT_ATOMS): 

       Cutoff for rms calculation:     3.5000

       Upper = Distance RMS, Lower = numb equiv distances

        7W5DA   6TLAA   
7W5DA      0.000   0.436
6TLAA       8514   0.000

>> Sequence comparison: 

       Diag=numb res, Upper=numb equiv res, Lower = % seq ID


            7W5DA   6TLAA
7W5DA         131     131
6TLAA         100     132


>> Dihedral angle comparison: Alph


       Cutoff for rms comparison:    60.0000

       Upper = RMS Alph, Lower = numb of equiv angles

        7W5DA   6TLAA   
7W5DA      0.000   6.133
6TLAA        125   0.000


>> Dihedral angle comparison: Phi 


       Cutoff for rms comparison:    60.0000

       Upper = RMS Phi , Lower = numb of equiv angles

        7W5DA   6TLAA   
7W5DA      0.000   9.681
6TLAA        128   0.000


>> Dihedral angle comparison: Psi 


       Cutoff for rms comparison:    15.0000

       Upper = RMS Psi , Lower = numb of equiv angles

        7W5DA   6TLAA   
7W5DA      0.000   5.305
6TLAA        123   0.000


>> Dihedral angle comparison: Omeg


       Cutoff for rms comparison:    60.0000

       Upper = RMS Omeg, Lower = numb of equiv angles

        7W5DA   6TLAA   
7W5DA      0.000   2.980
6TLAA        130   0.000


>> Dihedral angle comparison: chi1


       Cutoff for rms comparison:    60.0000

       Upper = RMS chi1, Lower = numb of equiv angles

        7W5DA   6TLAA   
7W5DA      0.000   8.036
6TLAA        105   0.000


>> Dihedral angle comparison: chi2


       Cutoff for rms comparison:    60.0000

       Upper = RMS chi2, Lower = numb of equiv angles

        7W5DA   6TLAA   
7W5DA      0.000  11.570
6TLAA         80   0.000


>> Dihedral angle comparison: chi3


       Cutoff for rms comparison:    60.0000

       Upper = RMS chi3, Lower = numb of equiv angles

        7W5DA   6TLAA   
7W5DA      0.000  13.932
6TLAA         31   0.000


>> Dihedral angle comparison: chi4


       Cutoff for rms comparison:    60.0000

       Upper = RMS chi4, Lower = numb of equiv angles

        7W5DA   6TLAA   
7W5DA      0.000   9.525
6TLAA         13   0.000


>> Dihedral angle comparison: chi5


       Cutoff for rms comparison:    60.0000

       Upper = RMS chi5, Lower = numb of equiv angles

        7W5DA   6TLAA   
7W5DA      0.000   3.979
6TLAA          6   0.000



>> Ramachandran mainchain class substitution
   prot 1 --> prot 2; class on vert --> class on horiz

              A      P      B      L      E      U
      A      40      0      0      2      0      0
      P       0     27      0      0      0      0
      B       0      2     49      0      0      0
      L       0      0      0      6      0      0
      E       0      0      0      0      3      0
      U       0      1      0      0      0      1


   Summary (% does not count undefined):

   CODE   # ID # NID # TOT   % ID  % NID  % TOT
      A     40     2    42   31.0    1.6   32.6
      P     27     0    27   20.9    0.0   20.9
      B     49     2    51   38.0    1.6   39.5
      L      6     0     6    4.7    0.0    4.7
      E      3     0     3    2.3    0.0    2.3
   --------------------------------------------
   SUMS    125     4   129   96.9    3.1  100.0
   --------------------------------------------
      U      1     1     2    0.8    0.8    1.5



>> Dihedral class substitution: Alph
   prot 1 --> prot 2; class on vert --> class on horiz

              1      2      3      4
      1      14      0      0      0
      2       1     42      2      0
      3       0      0     69      0
      4       0      0      1      2


   Summary (% does not count undefined):

   CODE   # ID # NID # TOT   % ID  % NID  % TOT
      1     14     0    14   10.9    0.0   10.9
      2     42     3    45   32.8    2.3   35.2
      3     69     0    69   53.9    0.0   53.9
   --------------------------------------------
   SUMS    125     3   128   97.7    2.3  100.0
   --------------------------------------------
      4      2     1     3    1.5    0.8    2.3



>> Dihedral class substitution: Phi 
   prot 1 --> prot 2; class on vert --> class on horiz

              1      2      3      4
      1      56      1      3      0
      2       0      9      0      0
      3       2      1     58      0
      4       1      0      0      0


   Summary (% does not count undefined):

   CODE   # ID # NID # TOT   % ID  % NID  % TOT
      1     56     4    60   43.1    3.1   46.2
      2      9     0     9    6.9    0.0    6.9
      3     58     3    61   44.6    2.3   46.9
   --------------------------------------------
   SUMS    123     7   130   94.6    5.4  100.0
   --------------------------------------------
      4      0     1     1    0.0    0.8    0.8



>> Dihedral class substitution: Psi 
   prot 1 --> prot 2; class on vert --> class on horiz

              1      2      3      4
      1      34      2      0      0
      2       2     16      0      0
      3       0      0     76      0
      4       0      0      0      1


   Summary (% does not count undefined):

   CODE   # ID # NID # TOT   % ID  % NID  % TOT
      1     34     2    36   26.2    1.5   27.7
      2     16     2    18   12.3    1.5   13.8
      3     76     0    76   58.5    0.0   58.5
   --------------------------------------------
   SUMS    126     4   130   96.9    3.1  100.0
   --------------------------------------------
      4      1     0     1    0.8    0.0    0.8



>> Dihedral class substitution: Omeg
   prot 1 --> prot 2; class on vert --> class on horiz

              1      2      3      4
      1     130      0      0      0
      2       0      0      0      0
      3       0      0      0      0
      4       0      0      0      1


   Summary (% does not count undefined):

   CODE   # ID # NID # TOT   % ID  % NID  % TOT
      1    130     0   130  100.0    0.0  100.0
      2      0     0     0    0.0    0.0    0.0
      3      0     0     0    0.0    0.0    0.0
   --------------------------------------------
   SUMS    130     0   130  100.0    0.0  100.0
   --------------------------------------------
      4      1     0     1    0.8    0.0    0.8



>> Dihedral class substitution: chi1
   prot 1 --> prot 2; class on vert --> class on horiz

              1      2      3      4
      1      63      3      1      0
      2       3     29      0      0
      3       2      0     12      0
      4       0      0      0     18


   Summary (% does not count undefined):

   CODE   # ID # NID # TOT   % ID  % NID  % TOT
      1     63     4    67   55.8    3.5   59.3
      2     29     3    32   25.7    2.7   28.3
      3     12     2    14   10.6    1.8   12.4
   --------------------------------------------
   SUMS    104     9   113   92.0    8.0  100.0
   --------------------------------------------
      4     18     0    18   13.7    0.0   13.7



>> Dihedral class substitution: chi2
   prot 1 --> prot 2; class on vert --> class on horiz

              1      2      3      4
      1      55      4      1      0
      2       4     22      0      0
      3       0      0      4      0
      4       0      0      0     41


   Summary (% does not count undefined):

   CODE   # ID # NID # TOT   % ID  % NID  % TOT
      1     55     5    60   61.1    5.6   66.7
      2     22     4    26   24.4    4.4   28.9
      3      4     0     4    4.4    0.0    4.4
   --------------------------------------------
   SUMS     81     9    90   90.0   10.0  100.0
   --------------------------------------------
      4     41     0    41   31.3    0.0   31.3



>> Dihedral class substitution: chi3
   prot 1 --> prot 2; class on vert --> class on horiz

              1      2      3      4
      1      24      0      2      0
      2       3      7      1      0
      3       0      0      2      0
      4       0      0      0     92


   Summary (% does not count undefined):

   CODE   # ID # NID # TOT   % ID  % NID  % TOT
      1     24     2    26   61.5    5.1   66.7
      2      7     4    11   17.9   10.3   28.2
      3      2     0     2    5.1    0.0    5.1
   --------------------------------------------
   SUMS     33     6    39   84.6   15.4  100.0
   --------------------------------------------
      4     92     0    92   70.2    0.0   70.2



>> Dihedral class substitution: chi4
   prot 1 --> prot 2; class on vert --> class on horiz

              1      2      3      4
      1      11      0      0      0
      2       2      1      1      0
      3       1      0      1      0
      4       0      0      0    114


   Summary (% does not count undefined):

   CODE   # ID # NID # TOT   % ID  % NID  % TOT
      1     11     0    11   64.7    0.0   64.7
      2      1     3     4    5.9   17.6   23.5
      3      1     1     2    5.9    5.9   11.8
   --------------------------------------------
   SUMS     13     4    17   76.5   23.5  100.0
   --------------------------------------------
      4    114     0   114   87.0    0.0   87.0



>> Dihedral class substitution: chi5
   prot 1 --> prot 2; class on vert --> class on horiz

              1      2      3      4
      1       6      0      0      0
      2       0      0      0      0
      3       0      0      0      0
      4       0      0      0    125


   Summary (% does not count undefined):

   CODE   # ID # NID # TOT   % ID  % NID  % TOT
      1      6     0     6  100.0    0.0  100.0
      2      0     0     0    0.0    0.0    0.0
      3      0     0     0    0.0    0.0    0.0
   --------------------------------------------
   SUMS      6     0     6  100.0    0.0  100.0
   --------------------------------------------
      4    125     0   125   95.4    0.0   95.4



>> Detailed comparison:


       Structure :  1
       Structure :  2
       ALN      ... alignment position
       RESID... ... residue numbers 1/2/3
       AAA      ... amino acid types 1/2/3
       MNC      ... mainchain classes 1/2/3
       ALP...   ... dihedral angle classes (alpha,phi,psi,...)

ALN RESIDUE_NUMBERS AAA MNC ALP PHI PSI OMG CH1 CH2 CH3 CH4 CH5 
---------------------------------------------------------------
  1       ----139    -N  -U  -4  -4  -3  -1  -2  -1  -4  -4  -4
  2      140  140    CC  UP  43  41  33  11  22  44  44  44  44
  3      141  141    SS  BB  33  33  33  11  22  44  44  44  44
  4      142  142    AA  PP  33  11  33  11  44  44  44  44  44
  5      143  143    PP  AA  22  11  11  11  11  22  11  44  44
  6      144  144    CC  BB  33  33  33  11  11  11  11  11  11
  7      145  145    PP  PP  11  11  22  11  13  22  11  44  44
  8      146  146    QQ  PP  22  11  33  11  11  11  11  44  44
  9      147  147    DD  LL  22  22  11  11  11  11  44  44  44
 10      148  148    WW  PP  33  33  33  11  11  11  44  44  44
 11      149  149    II  BB  33  33  33  11  11  11  44  44  44
 12      150  150    WW  BB  33  33  33  11  22  33  44  44  44
 13      151  151    HH  BB  11  33  33  11  22  22  44  44  44
 14      152  152    GG  EE  11  22  33  11  44  44  44  44  44
 15      153  153    EE  AA  22  33  12  11  11  11  11  44  44
 16      154  154    NN  BB  33  33  33  11  11  11  44  44  44
 17      155  155    CC  BB  33  33  33  11  11  11  11  11  11
 18      156  156    YY  BB  33  33  33  11  11  22  44  44  44
 19      157  157    LL  BB  33  33  33  11  22  22  44  44  44
 20      158  158    FF  BB  33  11  33  11  11  12  44  44  44
 21      159  159    SS  PP  33  11  33  11  11  44  44  44  44
 22      160  160    SS  AA  22  13  11  11  11  44  44  44  44
 23      161  161    GG  BB  33  33  33  11  44  44  44  44  44
 24      162  162    SS  BB  33  33  33  11  31  44  44  44  44
 25      163  163    FF  BB  11  33  33  11  11  11  44  44  44
 26      164  164    NN  PP  33  11  33  11  33  11  44  44  44
 27      165  165    WW  AA  22  11  11  11  22  11  44  44  44
 28      166  166    EE  AA  22  11  11  11  22  11  21  44  44
 29      167  167    KK  AA  22  11  11  11  11  21  11  11  44
 30      168  168    SS  AA  22  11  11  11  22  44  44  44  44
 31      169  169    QQ  AA  22  11  11  11  22  11  11  44  44
 32      170  170    EE  AA  22  11  11  11  11  11  21  44  44
 33      171  171    KK  AA  22  11  11  11  12  13  11  23  44
 34      172  172    CC  AA  22  11  11  11  11  11  11  11  11
 35      173  173    LL  AA  22  11  11  11  11  11  44  44  44
 36      174  174    SS  AA  22  11  11  11  21  44  44  44  44
 37      175  175    LL  AA  33  33  22  11  11  11  44  44  44
 38      176  176    DD  LL  22  22  22  11  21  11  44  44  44
 39      177  177    AA  BB  33  33  33  11  44  44  44  44  44
 40      178  178    KK  BB  11  33  33  11  33  11  11  11  44
 41      179  179    LL  PP  11  11  33  11  11  11  44  44  44
 42      180  180    LL  PP  33  11  33  11  22  22  44  44  44
 43      181  181    KK  BB  33  33  33  11  22  11  11  11  44
 44      182  182    II  BB  33  33  33  11  11  11  44  44  44
 45      183  183    NN  AA  22  33  11  11  11  12  44  44  44
 46      184  184    SS  BB  33  33  33  11  11  44  44  44  44
 47      185  185    TT  AA  22  11  11  11  22  44  44  44  44
 48      186  186    AA  AA  22  11  11  11  44  44  44  44  44
 49      187  187    DD  AA  22  11  11  11  11  11  44  44  44
 50      188  188    LL  AA  22  11  11  11  22  22  44  44  44
 51      189  189    DD  AA  22  11  11  11  11  11  44  44  44
 52      190  190    FF  AA  22  11  11  11  22  22  44  44  44
 53      191  191    II  AA  22  11  11  11  11  22  44  44  44
 54      192  192    QQ  AA  22  11  11  11  22  33  11  44  44
 55      193  193    QQ  AA  22  11  11  11  22  11  11  44  44
 56      194  194    AA  AA  22  11  11  11  44  44  44  44  44
 57      195  195    II  AA  23  31  21  11  21  11  44  44  44
 58      196  196    SS  AL  21  12  12  11  11  44  44  44  44
 59      197  197    YY  AL  23  32  22  11  31  22  44  44  44
 60      198  198    SS  BP  33  31  33  11  33  44  44  44  44
 61      199  199    SS  AA  22  33  21  11  11  44  44  44  44
 62      200  200    FF  PP  33  11  33  11  11  22  44  44  44
 63      201  201    PP  PP  33  11  22  11  22  11  22  44  44
 64      202  202    FF  BB  33  33  33  11  11  22  44  44  44
 65      203  203    WW  PP  33  11  33  11  11  11  44  44  44
 66      204  204    MM  BB  33  33  33  11  33  11  22  44  44
 67      205  205    GG  AA  22  11  22  11  44  44  44  44  44
 68      206  206    LL  BB  33  33  33  11  22  22  44  44  44
 69      207  207    SS  BB  33  33  33  11  11  44  44  44  44
 70      208  208    RR  BB  33  33  33  11  33  11  11  11  44
 71      209  209    RR  AA  11  11  11  11  11  11  33  33  44
 72      210  210    NN  BB  11  33  33  11  33  11  44  44  44
 73      211  211    PP  AA  22  11  11  11  11  22  11  44  44
 74      212  212    SS  AA  22  11  11  11  12  44  44  44  44
 75      213  213    YY  PP  33  33  33  11  11  22  44  44  44
 76      214  214    PP  PP  33  11  22  11  22  11  22  44  44
 77      215  215    WW  PP  33  11  33  11  11  11  44  44  44
 78      216  216    LL  BB  33  33  33  11  11  11  44  44  44
 79      217  217    WW  PP  33  11  33  11  11  11  44  44  44
 80      218  218    EE  AA  22  11  11  11  11  11  11  44  44
 81      219  219    DD  AA  33  11  22  11  33  11  44  44  44
 82      220  220    GG  LL  33  22  22  11  44  44  44  44  44
 83      221  221    SS  PP  33  11  33  11  11  44  44  44  44
 84      222  222    PP  PP  33  11  22  11  22  11  22  44  44
 85      223  223    LL  BB  33  11  33  11  22  22  44  44  44
 86      224  224    MM  PP  33  11  33  11  11  22  13  44  44
 87      225  225    PP  PP  22  11  22  11  22  11  22  44  44
 88      226  226    HH  LL  22  22  22  11  11  11  44  44  44
 89      227  227    LL  AA  11  33  11  11  11  11  44  44  44
 90      228  228    FF  BB  33  33  33  11  33  22  44  44  44
 91      229  229    RR  BB  33  33  33  11  11  21  33  31  44
 92      230  230    VV  BB  33  13  33  11  11  44  44  44  44
 93      231  231    RR  PP  22  33  33  11  11  21  21  21  44
 94      232  232    GG  EE  22  22  33  11  44  44  44  44  44
 95      233  233    AA  BB  33  11  22  11  44  44  44  44  44
 96      234  234    VV  AA  22  33  11  11  22  44  44  44  44
 97      235  235    SS  AA  22  33  11  11  11  44  44  44  44
 98      236  236    QQ  PP  33  13  33  11  11  33  11  44  44
 99      237  237    TT  BB  33  33  33  11  11  44  44  44  44
100      238  238    YY  BB  33  33  33  11  11  11  44  44  44
101      239  239    PP  AA  22  11  11  11  11  22  11  44  44
102      240  240    SS  AA  33  33  22  11  22  44  44  44  44
103      241  241    GG  EE  11  22  33  11  44  44  44  44  44
104      242  242    TT  BB  33  33  33  11  11  44  44  44  44
105      243  243    CC  BB  33  33  33  11  11  22  22  11  11
106      244  244    AA  BB  33  33  33  11  44  44  44  44  44
107      245  245    YY  BB  33  33  33  11  33  22  44  44  44
108      246  246    II  PP  33  33  33  11  33  11  44  44  44
109      247  247    QQ  BB  11  33  33  11  22  11  11  44  44
110      248  248    RR  LL  11  22  22  11  11  11  23  21  44
111      249  249    GG  LL  22  22  22  11  44  44  44  44  44
112      250  250    AA  BB  33  33  33  11  44  44  44  44  44
113      251  251    VV  BB  33  33  33  11  11  44  44  44  44
114      252  252    YY  BB  33  33  33  11  11  12  44  44  44
115      253  253    AA  BB  33  33  33  11  44  44  44  44  44
116      254  254    EE  BB  11  33  33  11  22  33  11  44  44
117      255  255    NN  PP  33  11  33  11  22  11  44  44  44
118      256  256    CC  AA  22  11  11  11  11  11  22  22  11
119      257  257    II  AA  22  11  11  11  22  11  44  44  44
120      258  258    LL  PP  33  11  33  11  11  11  44  44  44
121      259  259    AA  BB  33  33  33  11  44  44  44  44  44
122      260  260    AA  BB  33  33  33  11  44  44  44  44  44
123      261  261    FF  PP  33  11  33  11  11  22  44  44  44
124      262  262    SS  BB  33  33  33  11  11  44  44  44  44
125      263  263    II  BB  33  33  33  11  11  11  44  44  44
126      264  264    CC  BP  33  33  33  11  11  11  11  11  11
127      265  265    QQ  BB  33  33  33  11  33  11  11  44  44
128      266  266    KK  BB  11  33  33  11  33  11  11  11  44
129      267  267    KK  PP  33  11  33  11  12  21  13  11  44
130      268  268    AA  PP  33  11  33  11  44  44  44  44  44
131      269  269    NN  BB  44  11  33  11  22  12  44  44  44
132      270  270    LL  UU  44  33  44  44  11  11  44  44  44

Sequence identity comparison (ID_TABLE):

   Diagonal       ... number of residues;
   Upper triangle ... number of identical residues;
   Lower triangle ... % sequence identity, id/min(length).

         7W5DA @16TLAA @2
7W5DA @1      131     131
6TLAA @2      100     132


Weighted pair-group average clustering based on a distance matrix:


Total CPU time [seconds]                                 :       0.33
