
                         MODELLER 10.7, 2025/05/28, r13093

     PROTEIN STRUCTURE MODELLING BY SATISFACTION OF SPATIAL RESTRAINTS


                     Copyright(c) 1989-2025 Andrej Sali
                            All Rights Reserved

                             Written by A. Sali
                               with help from
              B. Webb, M.S. Madhusudhan, M-Y. Shen, G.Q. Dong,
          M.A. Marti-Renom, N. Eswar, F. Alber, M. Topf, B. Oliva,
             A. Fiser, R. Sanchez, B. Yerkovich, A. Badretdinov,
                     F. Melo, J.P. Overington, E. Feyfant
                 University of California, San Francisco, USA
                    Rockefeller University, New York, USA
                      Harvard University, Cambridge, USA
                   Imperial Cancer Research Fund, London, UK
              Birkbeck College, University of London, London, UK


Kind, OS, HostName, Kernel, Processor: 4, Windows 8 build 9200, LAPTOP-835MEQ8A, SMP, x64
Date and time of compilation         : 2025/05/28 19:09:13
MODELLER executable type             : x86_64-w64
Job starting time (YY/MM/DD HH:MM:SS): 2025/11/09 20:45:47

openf___224_> Open           $(LIB)/restyp.lib
openf___224_> Open           ${MODINSTALL10v7}/modlib/restyp_cif.lib
openf___224_> Open           ${MODINSTALL10v7}/modlib/resgrp.lib
rdresgr_266_> Number of residue groups:        2
openf___224_> Open           ${MODINSTALL10v7}/modlib/sstruc.lib

Dynamically allocated memory at   amaxlibraries [B,KiB,MiB]:       194446     189.889     0.185

Dynamically allocated memory at   amaxlibraries [B,KiB,MiB]:       194974     190.404     0.186
openf___224_> Open           ${MODINSTALL10v7}/modlib/resdih.lib

Dynamically allocated memory at   amaxlibraries [B,KiB,MiB]:       243574     237.865     0.232
rdrdih__263_> Number of dihedral angle types         :        9
              Maximal number of dihedral angle optima:        3
              Dihedral angle names                   :  Alph Phi Psi Omeg chi1 chi2 chi3 chi4 chi5
openf___224_> Open           ${MODINSTALL10v7}/modlib/radii.lib

Dynamically allocated memory at   amaxlibraries [B,KiB,MiB]:       256874     250.854     0.245
openf___224_> Open           ${MODINSTALL10v7}/modlib/af_mnchdef.lib
rdwilmo_274_> Mainchain residue conformation classes:  APBLE
openf___224_> Open           ${MODINSTALL10v7}/modlib/mnch.lib
rdclass_257_> Number of classes:        5
openf___224_> Open           ${MODINSTALL10v7}/modlib/mnch1.lib
openf___224_> Open           ${MODINSTALL10v7}/modlib/mnch2.lib
openf___224_> Open           ${MODINSTALL10v7}/modlib/mnch3.lib
openf___224_> Open           ${MODINSTALL10v7}/modlib/xs4.mat
rdrrwgh_268_> Number of residue types:       21
openf___224_> Open           $(LIB)/top_heav.lib
read_to_681_> topology.submodel read from topology file:        3
openf___224_> Open           $(LIB)/par.lib

Dynamically allocated memory at  amaxparameters [B,KiB,MiB]:       396318     387.029     0.378

Dynamically allocated memory at  amaxparameters [B,KiB,MiB]:       397918     388.592     0.379

Dynamically allocated memory at  amaxparameters [B,KiB,MiB]:       401898     392.479     0.383

Dynamically allocated memory at  amaxparameters [B,KiB,MiB]:       403898     394.432     0.385

Dynamically allocated memory at  amaxparameters [B,KiB,MiB]:       406898     397.361     0.388

Dynamically allocated memory at  amaxparameters [B,KiB,MiB]:       411398     401.756     0.392

Dynamically allocated memory at  amaxparameters [B,KiB,MiB]:       416970     407.197     0.398

Dynamically allocated memory at  amaxparameters [B,KiB,MiB]:       419770     409.932     0.400

Dynamically allocated memory at  amaxparameters [B,KiB,MiB]:       423970     414.033     0.404

Dynamically allocated memory at  amaxparameters [B,KiB,MiB]:       430270     420.186     0.410

Dynamically allocated memory at  amaxparameters [B,KiB,MiB]:       433042     422.893     0.413

Dynamically allocated memory at  amaxparameters [B,KiB,MiB]:       434442     424.260     0.414
read_pa_232_> parameters    BONDS   ANGLS  DIHEDS IMPROPS    MODE
                              227     561     661     112       0
openf___224_> Open           lox1.B99990004.pdb

Dynamically allocated memory at amaxcoordinates [B,KiB,MiB]:       445487     435.046     0.425

Dynamically allocated memory at    amaxsequence [B,KiB,MiB]:       445563     435.120     0.425

Dynamically allocated memory at amaxcoordinates [B,KiB,MiB]:       445734     435.287     0.425

Dynamically allocated memory at amaxcoordinates [B,KiB,MiB]:       446584     436.117     0.426

Dynamically allocated memory at amaxcoordinates [B,KiB,MiB]:       447842     437.346     0.427

Dynamically allocated memory at amaxcoordinates [B,KiB,MiB]:       449746     439.205     0.429

Dynamically allocated memory at    amaxsequence [B,KiB,MiB]:       449786     439.244     0.429

Dynamically allocated memory at amaxcoordinates [B,KiB,MiB]:       449876     439.332     0.429

Dynamically allocated memory at amaxcoordinates [B,KiB,MiB]:       452732     442.121     0.432

Dynamically allocated memory at    amaxsequence [B,KiB,MiB]:       452792     442.180     0.432

Dynamically allocated memory at amaxcoordinates [B,KiB,MiB]:       452927     442.312     0.432

Dynamically allocated memory at amaxcoordinates [B,KiB,MiB]:       457211     446.495     0.436

Dynamically allocated memory at    amaxsequence [B,KiB,MiB]:       457299     446.581     0.436

Dynamically allocated memory at amaxcoordinates [B,KiB,MiB]:       457497     446.774     0.436

Dynamically allocated memory at amaxcoordinates [B,KiB,MiB]:       463923     453.050     0.442

Dynamically allocated memory at    amaxsequence [B,KiB,MiB]:       464055     453.179     0.443

Dynamically allocated memory at amaxcoordinates [B,KiB,MiB]:       464352     453.469     0.443

Dynamically allocated memory at amaxcoordinates [B,KiB,MiB]:       473974     462.865     0.452

Dynamically allocated memory at    amaxsequence [B,KiB,MiB]:       474174     463.061     0.452

Dynamically allocated memory at amaxcoordinates [B,KiB,MiB]:       474624     463.500     0.453

Dynamically allocated memory at amaxcoordinates [B,KiB,MiB]:       489074     477.611     0.466

Dynamically allocated memory at    amaxsequence [B,KiB,MiB]:       489374     477.904     0.467

Dynamically allocated memory at amaxcoordinates [B,KiB,MiB]:       490049     478.563     0.467

Dynamically allocated memory at amaxcoordinates [B,KiB,MiB]:       511707     499.714     0.488

Dynamically allocated memory at    amaxsequence [B,KiB,MiB]:       512155     500.151     0.488

Dynamically allocated memory at amaxcoordinates [B,KiB,MiB]:       513163     501.136     0.489

Dynamically allocated memory at amaxcoordinates [B,KiB,MiB]:       545667     532.878     0.520

Dynamically allocated memory at       amaxmodel [B,KiB,MiB]:       777539     759.315     0.742
read_mo_297_> Segments, residues, atoms:        1      273     2172
read_mo_298_> Segment:        1  1:A  273:A     2172

Dynamically allocated memory at   amaxalignment [B,KiB,MiB]:       786416     767.984     0.750

Dynamically allocated memory at   amaxstructure [B,KiB,MiB]:       945725     923.560     0.902

Dynamically allocated memory at   amaxalignment [B,KiB,MiB]:       948758     926.521     0.905

Dynamically allocated memory at   amaxstructure [B,KiB,MiB]:      1108067    1082.097     1.057

Dynamically allocated memory at       amaxmodel [B,KiB,MiB]:      1140411    1113.683     1.088

mkilst______> segment topology constructed from sequence and RTF:
              segments residues  atoms  bonds angles dihedrals impropers:
                     1      273   2171   2217      0         0       913

Dynamically allocated memory at       amaxmodel [B,KiB,MiB]:      1232863    1203.968     1.176

patch_______> segment topology patched using RTF:  1 ;  MET  ;  NTER
              segments residues  atoms  bonds angles dihedrals impropers:
                     1      273   2171   2217   2996      3533       913


Dynamically allocated memory at       amaxmodel [B,KiB,MiB]:      1324959    1293.905     1.264
patch_______> segment topology patched using RTF:  273 ;  GLN  ;  CTER
              segments residues  atoms  bonds angles dihedrals impropers:
                     1      273   2172   2218   2998      3535       914

genseg______> segment topology constructed from sequence and RTF:
              segments residues  atoms  bonds angles dihedrals impropers:
                     1      273   2172   2218   2998      3535       914
transfe_506_> MODEL is an average of all templates.
transfe_511_> Number of templates for coordinate transfer:        1
              After transferring coordinates of the equivalent template atoms,
              there are defined, undefined atoms in MODEL:     2172        0
openf___224_> Open           ${LIB}/atmcls-mf.lib

Dynamically allocated memory at amaxgroup_restr [B,KiB,MiB]:       994859     971.542     0.949

Dynamically allocated memory at amaxgroup_restr [B,KiB,MiB]:       994923     971.604     0.949

Dynamically allocated memory at amaxgroup_restr [B,KiB,MiB]:       994981     971.661     0.949

Dynamically allocated memory at amaxgroup_restr [B,KiB,MiB]:       995045     971.724     0.949

Dynamically allocated memory at amaxgroup_restr [B,KiB,MiB]:       995111     971.788     0.949

Dynamically allocated memory at amaxgroup_restr [B,KiB,MiB]:       995175     971.851     0.949

Dynamically allocated memory at amaxgroup_restr [B,KiB,MiB]:       995331     972.003     0.949

Dynamically allocated memory at amaxgroup_restr [B,KiB,MiB]:       995459     972.128     0.949

Dynamically allocated memory at amaxgroup_restr [B,KiB,MiB]:       995753     972.415     0.950

Dynamically allocated memory at amaxgroup_restr [B,KiB,MiB]:       995945     972.603     0.950

Dynamically allocated memory at amaxgroup_restr [B,KiB,MiB]:       996449     973.095     0.950

Dynamically allocated memory at amaxgroup_restr [B,KiB,MiB]:       996705     973.345     0.951

Dynamically allocated memory at amaxgroup_restr [B,KiB,MiB]:       997701     974.317     0.951

Dynamically allocated memory at amaxgroup_restr [B,KiB,MiB]:       998085     974.692     0.952

Dynamically allocated memory at amaxgroup_restr [B,KiB,MiB]:       998661     975.255     0.952

Dynamically allocated memory at amaxgroup_restr [B,KiB,MiB]:      1000695     977.241     0.954

Dynamically allocated memory at amaxgroup_restr [B,KiB,MiB]:      1001591     978.116     0.955

Dynamically allocated memory at amaxgroup_restr [B,KiB,MiB]:      1006043     982.464     0.959

Dynamically allocated memory at amaxgroup_restr [B,KiB,MiB]:      1007387     983.776     0.961

Dynamically allocated memory at amaxgroup_restr [B,KiB,MiB]:      1017005     993.169     0.970

Dynamically allocated memory at amaxgroup_restr [B,KiB,MiB]:      1018989     995.106     0.972

Dynamically allocated memory at amaxgroup_restr [B,KiB,MiB]:      1039635    1015.269     0.991

Dynamically allocated memory at amaxgroup_restr [B,KiB,MiB]:      1042643    1018.206     0.994

Dynamically allocated memory at amaxgroup_restr [B,KiB,MiB]:      1088609    1063.095     1.038

Dynamically allocated memory at amaxgroup_restr [B,KiB,MiB]:      1093089    1067.470     1.042

Dynamically allocated memory at amaxgroup_restr [B,KiB,MiB]:      1194309    1166.317     1.139
openf___224_> Open           ${LIB}/dist-mf.lib

Dynamically allocated memory at amaxgroup_restr [B,KiB,MiB]:      1194705    1166.704     1.139

Dynamically allocated memory at amaxgroup_restr [B,KiB,MiB]:      1195501    1167.481     1.140

Dynamically allocated memory at amaxgroup_restr [B,KiB,MiB]:      1196297    1168.259     1.141

Dynamically allocated memory at amaxgroup_restr [B,KiB,MiB]:      1197485    1169.419     1.142

Dynamically allocated memory at amaxgroup_restr [B,KiB,MiB]:      1197885    1169.810     1.142

Dynamically allocated memory at amaxgroup_restr [B,KiB,MiB]:      1198485    1170.396     1.143

Dynamically allocated memory at amaxgroup_restr [B,KiB,MiB]:      1199385    1171.274     1.144

Dynamically allocated memory at amaxgroup_restr [B,KiB,MiB]:      1200733    1172.591     1.145

Dynamically allocated memory at amaxgroup_restr [B,KiB,MiB]:      1200933    1172.786     1.145

Dynamically allocated memory at amaxgroup_restr [B,KiB,MiB]:      1202957    1174.763     1.147

Dynamically allocated memory at amaxgroup_restr [B,KiB,MiB]:      1203257    1175.056     1.148

Dynamically allocated memory at amaxgroup_restr [B,KiB,MiB]:      1206293    1178.021     1.150

Dynamically allocated memory at amaxgroup_restr [B,KiB,MiB]:      1206741    1178.458     1.151

Dynamically allocated memory at amaxgroup_restr [B,KiB,MiB]:      1211293    1182.903     1.155

Dynamically allocated memory at amaxgroup_restr [B,KiB,MiB]:      1211965    1183.560     1.156

Dynamically allocated memory at amaxgroup_restr [B,KiB,MiB]:      1218793    1190.228     1.162

Dynamically allocated memory at amaxgroup_restr [B,KiB,MiB]:      1219801    1191.212     1.163

Dynamically allocated memory at amaxgroup_restr [B,KiB,MiB]:      1230045    1201.216     1.173

Dynamically allocated memory at amaxgroup_restr [B,KiB,MiB]:      1230645    1201.802     1.174

Dynamically allocated memory at amaxgroup_restr [B,KiB,MiB]:      1231045    1202.192     1.174

Dynamically allocated memory at amaxgroup_restr [B,KiB,MiB]:      1232557    1203.669     1.175

Dynamically allocated memory at amaxgroup_restr [B,KiB,MiB]:      1247921    1218.673     1.190

Dynamically allocated memory at amaxgroup_restr [B,KiB,MiB]:      1248821    1219.552     1.191

Dynamically allocated memory at amaxgroup_restr [B,KiB,MiB]:      1249421    1220.138     1.192

Dynamically allocated memory at amaxgroup_restr [B,KiB,MiB]:      1251689    1222.353     1.194

Dynamically allocated memory at amaxgroup_restr [B,KiB,MiB]:      1274737    1244.860     1.216

Dynamically allocated memory at amaxgroup_restr [B,KiB,MiB]:      1276081    1246.173     1.217

Dynamically allocated memory at amaxgroup_restr [B,KiB,MiB]:      1276981    1247.052     1.218

Dynamically allocated memory at amaxgroup_restr [B,KiB,MiB]:      1280385    1250.376     1.221

Dynamically allocated memory at amaxgroup_restr [B,KiB,MiB]:      1314957    1284.138     1.254

Dynamically allocated memory at amaxgroup_restr [B,KiB,MiB]:      1316973    1286.106     1.256

Dynamically allocated memory at amaxgroup_restr [B,KiB,MiB]:      1318321    1287.423     1.257

Dynamically allocated memory at amaxgroup_restr [B,KiB,MiB]:      1323425    1292.407     1.262

Dynamically allocated memory at amaxgroup_restr [B,KiB,MiB]:      1375281    1343.048     1.312

Dynamically allocated memory at amaxgroup_restr [B,KiB,MiB]:      1378305    1346.001     1.314

Dynamically allocated memory at amaxgroup_restr [B,KiB,MiB]:      1380329    1347.978     1.316

Dynamically allocated memory at amaxgroup_restr [B,KiB,MiB]:      1387985    1355.454     1.324

Dynamically allocated memory at amaxgroup_restr [B,KiB,MiB]:      1465769    1431.415     1.398

Dynamically allocated memory at amaxgroup_restr [B,KiB,MiB]:      1470305    1435.845     1.402

Dynamically allocated memory at amaxgroup_restr [B,KiB,MiB]:      1473341    1438.810     1.405

Dynamically allocated memory at amaxgroup_restr [B,KiB,MiB]:      1484825    1450.024     1.416

Dynamically allocated memory at amaxgroup_restr [B,KiB,MiB]:      1601501    1563.966     1.527

Dynamically allocated memory at amaxgroup_restr [B,KiB,MiB]:      1608305    1570.610     1.534

Dynamically allocated memory at amaxgroup_restr [B,KiB,MiB]:      1612857    1575.056     1.538

Dynamically allocated memory at amaxgroup_restr [B,KiB,MiB]:      1630085    1591.880     1.555

Dynamically allocated memory at amaxgroup_restr [B,KiB,MiB]:      1805101    1762.794     1.721

Dynamically allocated memory at amaxgroup_restr [B,KiB,MiB]:      1815313    1772.767     1.731

Dynamically allocated memory at amaxgroup_restr [B,KiB,MiB]:      1822141    1779.435     1.738

Dynamically allocated memory at amaxgroup_restr [B,KiB,MiB]:      1847981    1804.669     1.762

Dynamically allocated memory at amaxgroup_restr [B,KiB,MiB]:      2110505    2061.040     2.013

Dynamically allocated memory at amaxgroup_restr [B,KiB,MiB]:      2125817    2075.993     2.027

Dynamically allocated memory at amaxgroup_restr [B,KiB,MiB]:      2136061    2085.997     2.037

Dynamically allocated memory at amaxgroup_restr [B,KiB,MiB]:      2174821    2123.849     2.074

Dynamically allocated memory at amaxgroup_restr [B,KiB,MiB]:      2568605    2508.403     2.450

Dynamically allocated memory at amaxgroup_restr [B,KiB,MiB]:      2591573    2530.833     2.472

Dynamically allocated memory at amaxgroup_restr [B,KiB,MiB]:      2606937    2545.837     2.486

Dynamically allocated memory at amaxgroup_restr [B,KiB,MiB]:      2665077    2602.614     2.542

Dynamically allocated memory at amaxgroup_restr [B,KiB,MiB]:      3255753    3179.446     3.105

Dynamically allocated memory at amaxgroup_restr [B,KiB,MiB]:      3290205    3213.091     3.138

Dynamically allocated memory at amaxgroup_restr [B,KiB,MiB]:      3313253    3235.599     3.160

Dynamically allocated memory at amaxgroup_restr [B,KiB,MiB]:      3400465    3320.767     3.243

Dynamically allocated memory at amaxgroup_restr [B,KiB,MiB]:      4286481    4186.017     4.088

Dynamically allocated memory at amaxgroup_restr [B,KiB,MiB]:      4338165    4236.489     4.137

Dynamically allocated memory at amaxgroup_restr [B,KiB,MiB]:      4372737    4270.251     4.170

Dynamically allocated memory at amaxgroup_restr [B,KiB,MiB]:      4503553    4398.001     4.295

Dynamically allocated memory at amaxgroup_restr [B,KiB,MiB]:      5832577    5695.876     5.562
read_pa_232_> parameters    BONDS   ANGLS  DIHEDS IMPROPS    MODE
                                0       0       0       0   12561
>> Model assessment by DOPE potential
iatmcls_286W> MODEL atom not classified:  GLN:OXT  GLN
preppdf_453W> No fixed restraints selected; there may be some dynamic ones.
preppdf_454W> Restraints file was probably not read; use restraints.append().

Dynamically allocated memory at amaxhash_contac [B,KiB,MiB]:      6458237    6306.872     6.159

Dynamically allocated memory at  amaxrestraints [B,KiB,MiB]:      6802969    6643.524     6.488

Dynamically allocated memory at  amaxrestraints [B,KiB,MiB]:      6855097    6694.431     6.538

Dynamically allocated memory at  amaxrestraints [B,KiB,MiB]:      6959353    6796.243     6.637

Dynamically allocated memory at  amaxrestraints [B,KiB,MiB]:      7167865    6999.868     6.836

Dynamically allocated memory at  amaxrestraints [B,KiB,MiB]:      7584889    7407.118     7.234

Dynamically allocated memory at  amaxrestraints [B,KiB,MiB]:      8418937    8221.618     8.029

Dynamically allocated memory at  amaxrestraints [B,KiB,MiB]:     10087033    9850.618     9.620


>> ENERGY; Differences between the model's features and restraints:
Number of all residues in MODEL                   :      273
Number of all, selected real atoms                :     2172    2172
Number of all, selected pseudo atoms              :        0       0
Number of all static, selected restraints         :        0       0
COVALENT_CYS                                      :        F
NONBONDED_SEL_ATOMS                               :        1
Number of non-bonded pairs (excluding 1-2,1-3,1-4):   217845
Dynamic pairs routine                             : 1, NATM x NATM double loop
Atomic shift for contacts update (UPDATE_DYNAMIC) :    0.390
LENNARD_JONES_SWITCH                              :    6.500   7.500
COULOMB_JONES_SWITCH                              :    6.500   7.500
RESIDUE_SPAN_RANGE                                :        1    9999
NLOGN_USE                                         :       15
CONTACT_SHELL                                     :   15.000
DYNAMIC_PAIRS,_SPHERE,_COULOMB,_LENNARD,_MODELLER :        T       F       F       F       T
SPHERE_STDV                                       :    0.050
RADII_FACTOR                                      :    0.820
Current energy                                    :      -18620.3242





Summary of the restraint violations: 

   NUM     ... number of restraints.
   NUMVI   ... number of restraints with RVIOL > VIOL_REPORT_CUT[i].
   RVIOL   ... relative difference from the best value.
   NUMVP   ... number of restraints with -Ln(pdf) > VIOL_REPORT_CUT2[i].
   RMS_1   ... RMS(feature, minimally_violated_basis_restraint, NUMB).
   RMS_2   ... RMS(feature, best_value, NUMB).
   MOL.PDF ... scaled contribution to -Ln(Molecular pdf).

 #                     RESTRAINT_GROUP      NUM   NUMVI  NUMVP   RMS_1   RMS_2         MOL.PDF     S_i
------------------------------------------------------------------------------------------------------
 1 Bond length potential              :       0       0      0   0.000   0.000      0.0000       0.000
 2 Bond angle potential               :       0       0      0   0.000   0.000      0.0000       0.000
 3 Stereochemical cosine torsion poten:       0       0      0   0.000   0.000      0.0000       0.000
 4 Stereochemical improper torsion pot:       0       0      0   0.000   0.000      0.0000       0.000
 5 Soft-sphere overlap restraints     :       0       0      0   0.000   0.000      0.0000       0.000
 6 Lennard-Jones 6-12 potential       :       0       0      0   0.000   0.000      0.0000       0.000
 7 Coulomb point-point electrostatic p:       0       0      0   0.000   0.000      0.0000       0.000
 8 H-bonding potential                :       0       0      0   0.000   0.000      0.0000       0.000
 9 Distance restraints 1 (CA-CA)      :       0       0      0   0.000   0.000      0.0000       0.000
10 Distance restraints 2 (N-O)        :       0       0      0   0.000   0.000      0.0000       0.000
11 Mainchain Phi dihedral restraints  :       0       0      0   0.000   0.000      0.0000       0.000
12 Mainchain Psi dihedral restraints  :       0       0      0   0.000   0.000      0.0000       0.000
13 Mainchain Omega dihedral restraints:       0       0      0   0.000   0.000      0.0000       0.000
14 Sidechain Chi_1 dihedral restraints:       0       0      0   0.000   0.000      0.0000       0.000
15 Sidechain Chi_2 dihedral restraints:       0       0      0   0.000   0.000      0.0000       0.000
16 Sidechain Chi_3 dihedral restraints:       0       0      0   0.000   0.000      0.0000       0.000
17 Sidechain Chi_4 dihedral restraints:       0       0      0   0.000   0.000      0.0000       0.000
18 Disulfide distance restraints      :       0       0      0   0.000   0.000      0.0000       0.000
19 Disulfide angle restraints         :       0       0      0   0.000   0.000      0.0000       0.000
20 Disulfide dihedral angle restraints:       0       0      0   0.000   0.000      0.0000       0.000
21 Lower bound distance restraints    :       0       0      0   0.000   0.000      0.0000       0.000
22 Upper bound distance restraints    :       0       0      0   0.000   0.000      0.0000       0.000
23 Distance restraints 3 (SDCH-MNCH)  :       0       0      0   0.000   0.000      0.0000       0.000
24 Sidechain Chi_5 dihedral restraints:       0       0      0   0.000   0.000      0.0000       0.000
25 Phi/Psi pair of dihedral restraints:       0       0      0   0.000   0.000      0.0000       0.000
26 Distance restraints 4 (SDCH-SDCH)  :       0       0      0   0.000   0.000      0.0000       0.000
27 Distance restraints 5 (X-Y)        :       0       0      0   0.000   0.000      0.0000       0.000
28 NMR distance restraints 6 (X-Y)    :       0       0      0   0.000   0.000      0.0000       0.000
29 NMR distance restraints 7 (X-Y)    :       0       0      0   0.000   0.000      0.0000       0.000
30 Minimal distance restraints        :       0       0      0   0.000   0.000      0.0000       0.000
31 Non-bonded restraints              :  217758       0    305   6.461   6.461     -18620.       1.000
32 Atomic accessibility restraints    :       0       0      0   0.000   0.000      0.0000       0.000
33 Atomic density restraints          :       0       0      0   0.000   0.000      0.0000       0.000
34 Absolute position restraints       :       0       0      0   0.000   0.000      0.0000       0.000
35 Dihedral angle difference restraint:       0       0      0   0.000   0.000      0.0000       0.000
36 GBSA implicit solvent potential    :       0       0      0   0.000   0.000      0.0000       0.000
37 EM density fitting potential       :       0       0      0   0.000   0.000      0.0000       0.000
38 SAXS restraints                    :       0       0      0   0.000   0.000      0.0000       0.000
39 Symmetry restraints                :       0       0      0   0.000   0.000      0.0000       0.000
do_prof_492W> Are you sure you want to calculate a normalized energy profile!



openf___224_> Open           lox1.profile
# Energy of each residue is written to: lox1.profile
# The profile IS normalized by the number of restraints.
# The profiles are smoothed over a window of residues:   13
# The sum of all numbers in the file:     -13.1880

<< end of ENERGY.
DOPE score               : -18620.324219

Dynamically allocated memory at          finish [B,KiB,MiB]:      9794261    9564.708     9.341
Starting time                                            : 2025/11/09 20:45:47
Closing time                                             : 2025/11/09 20:45:50
Total CPU time [seconds]                                 :       3.17
